build/app/outputs/mapping/release/seeds.txt
com.example.awashyak_v1.R$id
com.example.awashyak_v1.R
com.example.awashyak_v1.BuildConfig
com.example.awashyak_v1.R$dimen
com.example.awashyak_v1.R$raw
com.example.awashyak_v1.MainActivity
com.example.awashyak_v1.R$anim
com.example.awashyak_v1.R$integer
com.example.awashyak_v1.R$layout
com.example.awashyak_v1.R$attr
com.example.awashyak_v1.R$mipmap
com.example.awashyak_v1.R$interpolator
com.example.awashyak_v1.R$drawable
com.example.awashyak_v1.R$styleable
com.example.awashyak_v1.R$style
com.example.awashyak_v1.R$string
com.example.awashyak_v1.R$bool
com.example.awashyak_v1.R$color
com.example.awashyak_v1.R$styleable: int MenuItem_contentDescription
com.example.awashyak_v1.R$styleable: int Toolbar_contentInsetRight
com.example.awashyak_v1.R$styleable: int[] ActivityChooserView
com.example.awashyak_v1.R$id: int SYM
com.example.awashyak_v1.R$styleable: int[] SplitPlaceholderRule
com.example.awashyak_v1.R$id: int activity_chooser_view_content
com.example.awashyak_v1.R$color: int notification_material_background_media_default_color
com.example.awashyak_v1.R$styleable: int Toolbar_logoDescription
com.example.awashyak_v1.R$styleable: int StateListDrawable_android_enterFadeDuration
com.example.awashyak_v1.R$dimen: int compat_control_corner_material
com.example.awashyak_v1.R$attr: int isLightTheme
com.example.awashyak_v1.R$id: int SHIFT
com.example.awashyak_v1.R$attr: int autoSizePresetSizes
com.example.awashyak_v1.R$style: int Base_Widget_AppCompat_ListView_DropDown
com.example.awashyak_v1.R$attr: int layout_anchor
com.example.awashyak_v1.R$dimen: int abc_seekbar_track_progress_height_material
com.example.awashyak_v1.R$dimen: int abc_button_padding_horizontal_material
com.example.awashyak_v1.R$style: int Widget_AppCompat_RatingBar_Indicator
com.example.awashyak_v1.R$style: int TextAppearance_AppCompat_Inverse
com.example.awashyak_v1.R$styleable: int Toolbar_contentInsetStartWithNavigation
com.example.awashyak_v1.R$styleable: int ConstraintLayout_Layout_android_maxHeight
com.example.awashyak_v1.R$attr: int spinnerStyle
com.example.awashyak_v1.R$attr: int fontVariationSettings
com.example.awashyak_v1.R$attr: int actionBarTabBarStyle
com.example.awashyak_v1.R$styleable: int MenuView_android_itemBackground
com.example.awashyak_v1.R$id: int contentPanel
com.example.awashyak_v1.R$style: int TextAppearance_AppCompat_Widget_ActionBar_Menu
com.example.awashyak_v1.R$styleable: int MenuGroup_android_visible
com.example.awashyak_v1.R$styleable: int ButtonBarLayout_allowStacking
com.example.awashyak_v1.R$styleable: int AppCompatTheme_switchStyle
com.example.awashyak_v1.R$style: int Base_V22_Theme_AppCompat_Light
com.example.awashyak_v1.R$color: int notification_action_color_filter
com.example.awashyak_v1.R$id: int on
com.example.awashyak_v1.R$drawable: int notification_bg_normal_pressed
com.example.awashyak_v1.R$color: int hint_final_text
com.example.awashyak_v1.R$string: int alanShadow
com.example.awashyak_v1.R$styleable: int ConstraintSet_android_rotationY
com.example.awashyak_v1.R$id: int search_mag_icon
com.example.awashyak_v1.R$styleable: int DrawerArrowToggle_gapBetweenBars
com.example.awashyak_v1.R$style: int Theme_AppCompat_DayNight
com.example.awashyak_v1.R$attr: int frameCornersSize
com.example.awashyak_v1.R$style: int Platform_V25_AppCompat
com.example.awashyak_v1.R$color: int bright_foreground_disabled_material_light
com.example.awashyak_v1.R$styleable: int ConstraintSet_android_id
com.example.awashyak_v1.R$styleable: int AppCompatSeekBar_android_thumb
com.example.awashyak_v1.R$style: int Theme_AppCompat_DayNight_Dialog
com.example.awashyak_v1.R$style: int TextAppearance_AppCompat_Button
com.example.awashyak_v1.R$styleable: int[] ActionMode
com.example.awashyak_v1.R$style: int Platform_ThemeOverlay_AppCompat_Dark
com.example.awashyak_v1.R$style: int Base_Theme_AppCompat_DialogWhenLarge
com.example.awashyak_v1.R$styleable: int AppCompatTheme_actionModePasteDrawable
...
com.bumptech.glide.load.resource.transcode.BitmapDrawableTranscoder: BitmapDrawableTranscoder(android.content.Context)
androidx.versionedparcelable.VersionedParcel: void writeDouble(double,int)
com.google.zxing.client.result.TextParsedResult: java.lang.String getLanguage()
kotlin.collections.CollectionsKt___CollectionsKt: java.util.List plus(java.util.Collection,kotlin.sequences.Sequence)
io.flutter.plugin.common.PluginRegistry$Registrar: io.flutter.plugin.common.PluginRegistry$Registrar addRequestPermissionsResultListener(io.flutter.plugin.common.PluginRegistry$RequestPermissionsResultListener)
kotlinx.coroutines.flow.FlowKt__EmittersKt$onStart$$inlined$unsafeFlow$1: java.lang.Object collect(kotlinx.coroutines.flow.FlowCollector,kotlin.coroutines.Continuation)
kotlin.text.StringsKt___StringsKt: char last(java.lang.CharSequence,kotlin.jvm.functions.Function1)
io.flutter.embedding.engine.FlutterJNI: void nativeDeferredComponentInstallFailure(int,java.lang.String,boolean)
androidx.core.app.NotificationCompat$CarExtender$UnreadConversation: android.app.PendingIntent getReplyPendingIntent()
io.flutter.embedding.android.FlutterView: boolean onGenericMotionEvent(android.view.MotionEvent)
androidx.core.view.ViewCompat: void setZ(android.view.View,float)
androidx.slidingpanelayout.widget.SlidingPaneLayout: android.view.ViewGroup$LayoutParams generateDefaultLayoutParams()
io.flutter.embedding.android.FlutterActivity: java.util.List getDartEntrypointArgs()
io.flutter.embedding.android.DrawableSplashScreen: void transitionToFlutter(java.lang.Runnable)
android.support.v4.media.session.MediaSessionCompatApi24$Callback: void onSetRating(java.lang.Object)
com.ixsans.text_to_speech.MethodCallHandlerImpl: MethodCallHandlerImpl(com.ixsans.text_to_speech.Tts)
com.bumptech.glide.load.model.stream.UrlLoader: com.bumptech.glide.load.model.ModelLoader$LoadData buildLoadData(java.lang.Object,int,int,com.bumptech.glide.load.Options)
com.bumptech.glide.load.engine.bitmap_recycle.SizeConfigStrategy: java.lang.String toString()
androidx.core.view.MenuItemCompat: android.view.View getActionView(android.view.MenuItem)
com.bumptech.glide.Registry: com.bumptech.glide.load.Encoder getSourceEncoder(java.lang.Object)
okhttp3.internal.platform.ConscryptPlatform: javax.net.ssl.X509TrustManager trustManager(javax.net.ssl.SSLSocketFactory)
kotlin.collections.ArraysKt___ArraysKt: java.util.List drop(float[],int)
android.support.v4.media.session.MediaSessionCompatApi24$Callback: void onPrepareFromUri(android.net.Uri,android.os.Bundle)
kotlinx.coroutines.flow.FlowKt__TransformKt$filter$$inlined$unsafeTransform$1$2: FlowKt__TransformKt$filter$$inlined$unsafeTransform$1$2(kotlinx.coroutines.flow.FlowCollector,kotlin.jvm.functions.Function2)
io.flutter.embedding.android.FlutterActivity$NewEngineIntentBuilder: FlutterActivity$NewEngineIntentBuilder(java.lang.Class)
androidx.core.view.accessibility.AccessibilityNodeInfoCompat: void getBoundsInParent(android.graphics.Rect)
androidx.tracing.Trace: void endAsyncSection(java.lang.String,int)
androidx.core.content.pm.ShortcutInfoCompat$Builder: androidx.core.content.pm.ShortcutInfoCompat$Builder setIntent(android.content.Intent)
com.google.zxing.pdf417.PDF417ResultMetadata: void setTimestamp(long)
kotlin.sequences.SequencesKt___SequencesKt: java.util.Collection mapIndexedTo(kotlin.sequences.Sequence,java.util.Collection,kotlin.jvm.functions.Function2)
androidx.appcompat.view.menu.MenuItemWrapperICS: android.view.MenuItem setOnActionExpandListener(android.view.MenuItem$OnActionExpandListener)
androidx.collection.SparseArrayCompat: java.lang.Object valueAt(int)
kotlin.text.StringsKt___StringsKt: kotlin.sequences.Sequence chunkedSequence(java.lang.CharSequence,int,kotlin.jvm.functions.Function1)
com.bumptech.glide.load.resource.bitmap.LazyBitmapDrawableResource: com.bumptech.glide.load.resource.bitmap.LazyBitmapDrawableResource obtain(android.content.Context,android.graphics.Bitmap)