build/app/outputs/mapping/release/mapping.txt
# compiler: R8
# compiler_version: 3.1.66
# min_api: 21
# pg_map_id: 5040c25
# common_typos_disable
# {"id":"com.android.tools.r8.mapping","version":"1.0"}
...
androidx.fragment.app.FragmentManagerImpl$1 -> androidx.fragment.app.c$a:
    androidx.fragment.app.FragmentManagerImpl this$0 -> c
androidx.fragment.app.FragmentManagerImpl$2 -> androidx.fragment.app.c$b:
    androidx.fragment.app.FragmentManagerImpl this$0 -> a
androidx.fragment.app.FragmentManagerImpl$3 -> androidx.fragment.app.c$c:
    android.view.ViewGroup val$container -> a
    androidx.fragment.app.FragmentManagerImpl this$0 -> c
    androidx.fragment.app.Fragment val$fragment -> b
androidx.fragment.app.FragmentManagerImpl$3$1 -> androidx.fragment.app.c$c$a:
    androidx.fragment.app.FragmentManagerImpl$3 this$1 -> a
androidx.fragment.app.FragmentManagerImpl$4 -> androidx.fragment.app.c$d:
    android.view.ViewGroup val$container -> a
    androidx.fragment.app.FragmentManagerImpl this$0 -> d
    android.view.View val$viewToAnimate -> b
    androidx.fragment.app.Fragment val$fragment -> c
androidx.fragment.app.FragmentManagerImpl$5 -> androidx.fragment.app.c$e:
    android.view.ViewGroup val$container -> a
    androidx.fragment.app.FragmentManagerImpl this$0 -> d
    android.view.View val$animatingView -> b
    androidx.fragment.app.Fragment val$fragment -> c
androidx.fragment.app.FragmentManagerImpl$6 -> androidx.fragment.app.c$f:
    androidx.fragment.app.FragmentManagerImpl this$0 -> b
androidx.fragment.app.FragmentManagerImpl$AnimationOrAnimator -> androidx.fragment.app.c$g:
    android.view.animation.Animation animation -> a
    android.animation.Animator animator -> b
androidx.fragment.app.FragmentManagerImpl$EndViewTransitionAnimation -> androidx.fragment.app.c$h:
    android.view.ViewGroup mParent -> a
    boolean mAnimating -> e
    android.view.View mChild -> b
    boolean mEnded -> c
    boolean mTransitionEnded -> d
androidx.fragment.app.FragmentManagerImpl$FragmentLifecycleCallbacksHolder -> androidx.fragment.app.c$i:
    boolean mRecursive -> b
    androidx.fragment.app.FragmentManager$FragmentLifecycleCallbacks mCallback -> a
androidx.fragment.app.FragmentManagerImpl$FragmentTag -> androidx.fragment.app.c$j:
    int[] Fragment -> a
androidx.fragment.app.FragmentManagerImpl$OpGenerator -> androidx.fragment.app.c$k:
    boolean generateOps(java.util.ArrayList,java.util.ArrayList) -> a
androidx.fragment.app.FragmentManagerImpl$PopBackStackState -> androidx.fragment.app.c$l:
    androidx.fragment.app.FragmentManagerImpl this$0 -> d
    java.lang.String mName -> a
    int mId -> b
    int mFlags -> c
    boolean generateOps(java.util.ArrayList,java.util.ArrayList) -> a
androidx.fragment.app.FragmentManagerImpl$StartEnterTransitionListener -> androidx.fragment.app.c$m:
    boolean mIsBack -> a
    int mNumPostponed -> c
    androidx.fragment.app.BackStackRecord mRecord -> b
    void onStartEnterTransition() -> a
    void startListening() -> b
    void cancelTransaction() -> c
    void completeTransaction() -> d
    boolean isReady() -> e
androidx.fragment.app.FragmentManagerNonConfig -> androidx.fragment.app.FragmentManagerNonConfig:
    java.util.Map mChildNonConfigs -> b
    java.util.Map mViewModelStores -> c
    java.util.Collection mFragments -> a
    java.util.Map getChildNonConfigs() -> a
    java.util.Collection getFragments() -> b
    java.util.Map getViewModelStores() -> c
androidx.fragment.app.FragmentManagerState -> androidx.fragment.app.d:
    int mNextFragmentIndex -> e
    androidx.fragment.app.BackStackState[] mBackStack -> c
    java.util.ArrayList mAdded -> b
    java.util.ArrayList mActive -> a
    java.lang.String mPrimaryNavActiveWho -> d
androidx.fragment.app.FragmentManagerState$1 -> androidx.fragment.app.d$a:
    androidx.fragment.app.FragmentManagerState createFromParcel(android.os.Parcel) -> a
    androidx.fragment.app.FragmentManagerState[] newArray(int) -> b