build/app/outputs/mapping/release/usage.txt
androidx.appcompat.app.WindowDecorActionBar:
    private static final long FADE_IN_DURATION_MS
    private static final long FADE_OUT_DURATION_MS
    private static final int INVALID_POSITION
    private static final java.lang.String TAG
androidx.appcompat.content.res.AppCompatResources:
    private static final java.lang.String LOG_TAG
androidx.appcompat.graphics.drawable.AnimatedStateListDrawableCompat$AnimatedStateListState:
    private static final long REVERSED_BIT
    private static final long REVERSIBLE_FLAG_BIT
androidx.appcompat.graphics.drawable.AnimatedStateListDrawableCompat:
    private static final java.lang.String ELEMENT_ITEM
    private static final java.lang.String ELEMENT_TRANSITION
    private static final java.lang.String ITEM_MISSING_DRAWABLE_ERROR
    private static final java.lang.String TRANSITION_MISSING_DRAWABLE_ERROR
    private static final java.lang.String TRANSITION_MISSING_FROM_TO_ID
    void clearMutated()
androidx.appcompat.graphics.drawable.DrawableContainer$DrawableContainerState:
    final void clearMutated()
    public final int getEnterFadeDuration()
    public final int getExitFadeDuration()
androidx.appcompat.graphics.drawable.DrawableContainer:
    private static final boolean DEBUG
    private static final boolean DEFAULT_DITHER
    private static final java.lang.String TAG
    void clearMutated()
    void setCurrentIndex(int)
androidx.appcompat.graphics.drawable.StateListDrawable:
    private static final boolean DEBUG
    private static final java.lang.String TAG
    void <init>()
    void clearMutated()
    int getStateCount()
    android.graphics.drawable.Drawable getStateDrawable(int)
    int getStateDrawableIndex(int[])
    androidx.appcompat.graphics.drawable.StateListDrawable$StateListState getStateListState()
    int[] getStateSet(int)
androidx.appcompat.view.SupportMenuInflater$MenuState:
    private static final int defaultGroupId
    private static final int defaultItemCategory
    private static final int defaultItemCheckable
    private static final boolean defaultItemChecked
    private static final boolean defaultItemEnabled
    private static final int defaultItemId
    private static final int defaultItemOrder
    private static final boolean defaultItemVisible
androidx.appcompat.view.SupportMenuInflater:
    static final java.lang.String LOG_TAG
    static final int NO_ID
    private static final java.lang.String XML_GROUP
    private static final java.lang.String XML_ITEM
    private static final java.lang.String XML_MENU
androidx.appcompat.view.menu.ActionMenuItem:
    private static final int CHECKABLE
    private static final int CHECKED
    private static final int ENABLED
    private static final int EXCLUSIVE
    private static final int HIDDEN
    private static final int NO_ICON
androidx.appcompat.view.menu.ActionMenuItemView:
    private static final int MAX_ICON_SIZE
    private static final java.lang.String TAG
androidx.appcompat.view.menu.CascadingMenuPopup:
    static final int HORIZ_POSITION_LEFT
    static final int HORIZ_POSITION_RIGHT
    static final int SUBMENU_TIMEOUT_MS
androidx.appcompat.view.menu.ListMenuItemView:
    private static final java.lang.String TAG
androidx.appcompat.view.menu.ListMenuPresenter:
    private static final java.lang.String TAG
    int getItemIndexOffset()
androidx.appcompat.view.menu.MenuBuilder:
    private static final java.lang.String ACTION_VIEW_STATES_KEY
    private static final java.lang.String EXPANDED_ACTION_VIEW_ID
    private static final java.lang.String PRESENTER_KEY
    private static final java.lang.String TAG
    private android.util.SparseArray mFrozenViewStates
androidx.appcompat.view.menu.MenuDialogHelper:
    public void setPresenterCallback(androidx.appcompat.view.menu.MenuPresenter$Callback)
androidx.appcompat.view.menu.MenuHelper